19:C 05 May 2022 16:49:51.368 # oO0OoO0OoO0Oo Redis is starting oO0OoO0OoO0Oo
19:C 05 May 2022 16:49:51.372 # Redis version=6.2.6, bits=64, commit=00000000, modified=0, pid=19, just started
19:C 05 May 2022 16:49:51.375 # Configuration loaded
19:M 05 May 2022 16:49:51.380 * monotonic clock: POSIX clock_gettime
19:M 05 May 2022 16:49:51.394 * Running mode=standalone, port=6379.
19:M 05 May 2022 16:49:51.398 # Server initialized
19:M 05 May 2022 16:49:51.412 * Ready to accept connections
19:M 10 May 2022 13:56:35.281 * 1 changes in 3600 seconds. Saving...
19:M 10 May 2022 13:56:35.325 * Background saving started by pid 57
57:C 10 May 2022 13:56:35.351 * DB saved on disk
57:C 10 May 2022 13:56:35.357 * RDB: 1 MB of memory used by copy-on-write
19:M 10 May 2022 13:56:35.431 * Background saving terminated with success
19:M 10 May 2022 14:56:36.029 * 1 changes in 3600 seconds. Saving...
19:M 10 May 2022 14:56:36.044 * Background saving started by pid 59
59:C 10 May 2022 14:56:36.070 * DB saved on disk
59:C 10 May 2022 14:56:36.075 * RDB: 1 MB of memory used by copy-on-write
19:M 10 May 2022 14:56:36.150 * Background saving terminated with success
19:M 10 May 2022 17:18:47.648 * 1 changes in 3600 seconds. Saving...
19:M 10 May 2022 17:18:47.658 * Background saving started by pid 76
76:C 10 May 2022 17:18:47.681 * DB saved on disk
76:C 10 May 2022 17:18:47.689 * RDB: 1 MB of memory used by copy-on-write
19:M 10 May 2022 17:18:47.767 * Background saving terminated with success
19:M 10 May 2022 19:02:55.655 * 1 changes in 3600 seconds. Saving...
19:M 10 May 2022 19:02:55.688 * Background saving started by pid 78
78:C 10 May 2022 19:02:55.706 * DB saved on disk
78:C 10 May 2022 19:02:55.710 * RDB: 1 MB of memory used by copy-on-write
19:M 10 May 2022 19:02:55.793 * Background saving terminated with success
17:C 13 May 2022 14:54:15.821 # oO0OoO0OoO0Oo Redis is starting oO0OoO0OoO0Oo
17:C 13 May 2022 14:54:15.829 # Redis version=6.2.6, bits=64, commit=00000000, modified=0, pid=17, just started
17:C 13 May 2022 14:54:15.835 # Configuration loaded
17:M 13 May 2022 14:54:15.854 * monotonic clock: POSIX clock_gettime
17:M 13 May 2022 14:54:15.885 * Running mode=standalone, port=6379.
17:M 13 May 2022 14:54:15.942 # Server initialized
17:M 13 May 2022 14:54:15.959 * Ready to accept connections
17:M 13 May 2022 15:54:16.074 * 1 changes in 3600 seconds. Saving...
17:M 13 May 2022 15:54:16.094 * Background saving started by pid 24
24:C 13 May 2022 15:54:16.115 * DB saved on disk
24:C 13 May 2022 15:54:16.123 * RDB: 1 MB of memory used by copy-on-write
17:M 13 May 2022 15:54:16.205 * Background saving terminated with success
17:M 13 May 2022 16:54:17.053 * 1 changes in 3600 seconds. Saving...
17:M 13 May 2022 16:54:17.062 * Background saving started by pid 26
26:C 13 May 2022 16:54:17.087 * DB saved on disk
26:C 13 May 2022 16:54:17.095 * RDB: 1 MB of memory used by copy-on-write
17:M 13 May 2022 16:54:17.168 * Background saving terminated with success
17:M 13 May 2022 17:54:50.730 * 1 changes in 3600 seconds. Saving...
17:M 13 May 2022 17:54:50.736 * Background saving started by pid 28
28:C 13 May 2022 17:54:50.756 * DB saved on disk
28:C 13 May 2022 17:54:50.759 * RDB: 1 MB of memory used by copy-on-write
17:M 13 May 2022 17:54:50.847 * Background saving terminated with success
17:M 14 May 2022 08:37:33.587 * 1 changes in 3600 seconds. Saving...
17:M 14 May 2022 08:37:33.597 * Background saving started by pid 30
30:C 14 May 2022 08:37:33.630 * DB saved on disk
30:C 14 May 2022 08:37:33.638 * RDB: 1 MB of memory used by copy-on-write
17:M 14 May 2022 08:37:33.704 * Background saving terminated with success
17:M 14 May 2022 09:37:34.098 * 1 changes in 3600 seconds. Saving...
17:M 14 May 2022 09:37:34.111 * Background saving started by pid 43
43:C 14 May 2022 09:37:34.128 * DB saved on disk
43:C 14 May 2022 09:37:34.134 * RDB: 1 MB of memory used by copy-on-write
17:M 14 May 2022 09:37:34.224 * Background saving terminated with success
17:M 14 May 2022 10:37:35.048 * 1 changes in 3600 seconds. Saving...
17:M 14 May 2022 10:37:35.058 * Background saving started by pid 45
45:C 14 May 2022 10:37:35.074 * DB saved on disk
45:C 14 May 2022 10:37:35.079 * RDB: 1 MB of memory used by copy-on-write
17:M 14 May 2022 10:37:35.169 * Background saving terminated with success
17:M 14 May 2022 11:37:36.092 * 1 changes in 3600 seconds. Saving...
17:M 14 May 2022 11:37:36.101 * Background saving started by pid 47
47:C 14 May 2022 11:37:36.128 * DB saved on disk
47:C 14 May 2022 11:37:36.135 * RDB: 1 MB of memory used by copy-on-write
17:M 14 May 2022 11:37:36.215 * Background saving terminated with success
17:M 14 May 2022 13:30:49.484 * 1 changes in 3600 seconds. Saving...
17:M 14 May 2022 13:30:49.501 * Background saving started by pid 49
49:C 14 May 2022 13:30:49.523 * DB saved on disk
49:C 14 May 2022 13:30:49.529 * RDB: 2 MB of memory used by copy-on-write
17:M 14 May 2022 13:30:49.614 * Background saving terminated with success
17:M 14 May 2022 14:30:50.074 * 1 changes in 3600 seconds. Saving...
17:M 14 May 2022 14:30:50.090 * Background saving started by pid 51
51:C 14 May 2022 14:30:50.107 * DB saved on disk
51:C 14 May 2022 14:30:50.113 * RDB: 1 MB of memory used by copy-on-write
17:M 14 May 2022 14:30:50.199 * Background saving terminated with success
17:M 14 May 2022 15:30:51.094 * 1 changes in 3600 seconds. Saving...
17:M 14 May 2022 15:30:51.107 * Background saving started by pid 53
53:C 14 May 2022 15:30:51.131 * DB saved on disk
53:C 14 May 2022 15:30:51.138 * RDB: 1 MB of memory used by copy-on-write
17:M 14 May 2022 15:30:51.216 * Background saving terminated with success
17:M 14 May 2022 16:30:52.055 * 1 changes in 3600 seconds. Saving...
17:M 14 May 2022 16:30:52.066 * Background saving started by pid 55
55:C 14 May 2022 16:30:52.080 * DB saved on disk
55:C 14 May 2022 16:30:52.085 * RDB: 1 MB of memory used by copy-on-write
17:M 14 May 2022 16:30:52.180 * Background saving terminated with success
17:M 14 May 2022 17:30:53.047 * 1 changes in 3600 seconds. Saving...
17:M 14 May 2022 17:30:53.058 * Background saving started by pid 57
57:C 14 May 2022 17:30:53.084 * DB saved on disk
57:C 14 May 2022 17:30:53.091 * RDB: 1 MB of memory used by copy-on-write
17:M 14 May 2022 17:30:53.169 * Background saving terminated with success
17:M 15 May 2022 03:10:05.156 * 1 changes in 3600 seconds. Saving...
17:M 15 May 2022 03:10:05.185 * Background saving started by pid 59
59:C 15 May 2022 03:10:05.227 * DB saved on disk
59:C 15 May 2022 03:10:05.237 * RDB: 1 MB of memory used by copy-on-write
17:M 15 May 2022 03:10:05.331 * Background saving terminated with success
17:M 15 May 2022 04:10:06.047 * 1 changes in 3600 seconds. Saving...
17:M 15 May 2022 04:10:06.059 * Background saving started by pid 78
78:C 15 May 2022 04:10:06.080 * DB saved on disk
78:C 15 May 2022 04:10:06.087 * RDB: 1 MB of memory used by copy-on-write
17:M 15 May 2022 04:10:06.171 * Background saving terminated with success
17:M 15 May 2022 06:43:44.928 * 1 changes in 3600 seconds. Saving...
17:M 15 May 2022 06:43:44.934 * Background saving started by pid 80
80:C 15 May 2022 06:43:44.951 * DB saved on disk
80:C 15 May 2022 06:43:44.956 * RDB: 2 MB of memory used by copy-on-write
17:M 15 May 2022 06:43:45.038 * Background saving terminated with success
17:M 15 May 2022 07:43:46.035 * 1 changes in 3600 seconds. Saving...
17:M 15 May 2022 07:43:46.042 * Background saving started by pid 82
82:C 15 May 2022 07:43:46.064 * DB saved on disk
82:C 15 May 2022 07:43:46.070 * RDB: 1 MB of memory used by copy-on-write
17:M 15 May 2022 07:43:46.147 * Background saving terminated with success
17:M 15 May 2022 08:50:42.842 * 1 changes in 3600 seconds. Saving...
17:M 15 May 2022 08:50:42.855 * Background saving started by pid 84
84:C 15 May 2022 08:50:42.876 * DB saved on disk
84:C 15 May 2022 08:50:42.884 * RDB: 1 MB of memory used by copy-on-write
17:M 15 May 2022 08:50:42.965 * Background saving terminated with success
17:M 15 May 2022 09:50:43.034 * 1 changes in 3600 seconds. Saving...
17:M 15 May 2022 09:50:43.050 * Background saving started by pid 86
86:C 15 May 2022 09:50:43.073 * DB saved on disk
86:C 15 May 2022 09:50:43.080 * RDB: 1 MB of memory used by copy-on-write
17:M 15 May 2022 09:50:43.174 * Background saving terminated with success
17:M 16 May 2022 17:17:43.192 * 1 changes in 3600 seconds. Saving...
17:M 16 May 2022 17:17:43.219 * Background saving started by pid 88
88:C 16 May 2022 17:17:43.276 * DB saved on disk
88:C 16 May 2022 17:17:43.290 * RDB: 1 MB of memory used by copy-on-write
17:M 16 May 2022 17:17:43.329 * Background saving terminated with success
17:M 16 May 2022 18:20:26.876 * 1 changes in 3600 seconds. Saving...
17:M 16 May 2022 18:20:26.889 * Background saving started by pid 90
90:C 16 May 2022 18:20:26.903 * DB saved on disk
90:C 16 May 2022 18:20:26.907 * RDB: 1 MB of memory used by copy-on-write
17:M 16 May 2022 18:20:26.999 * Background saving terminated with success
17:M 17 May 2022 00:44:20.108 * 1 changes in 3600 seconds. Saving...
17:M 17 May 2022 00:44:20.119 * Background saving started by pid 92
92:C 17 May 2022 00:44:20.146 * DB saved on disk
92:C 17 May 2022 00:44:20.151 * RDB: 1 MB of memory used by copy-on-write
17:M 17 May 2022 00:44:20.230 * Background saving terminated with success
17:M 17 May 2022 01:44:21.055 * 1 changes in 3600 seconds. Saving...
17:M 17 May 2022 01:44:21.069 * Background saving started by pid 94
94:C 17 May 2022 01:44:21.095 * DB saved on disk
94:C 17 May 2022 01:44:21.101 * RDB: 1 MB of memory used by copy-on-write
17:M 17 May 2022 01:44:21.177 * Background saving terminated with success
17:M 17 May 2022 02:44:22.045 * 1 changes in 3600 seconds. Saving...
17:M 17 May 2022 02:44:22.059 * Background saving started by pid 96
96:C 17 May 2022 02:44:22.085 * DB saved on disk
96:C 17 May 2022 02:44:22.091 * RDB: 1 MB of memory used by copy-on-write
17:M 17 May 2022 02:44:22.168 * Background saving terminated with success
17:M 17 May 2022 03:44:23.107 * 1 changes in 3600 seconds. Saving...
17:M 17 May 2022 03:44:23.117 * Background saving started by pid 98
98:C 17 May 2022 03:44:23.139 * DB saved on disk
98:C 17 May 2022 03:44:23.148 * RDB: 1 MB of memory used by copy-on-write
17:M 17 May 2022 03:44:23.226 * Background saving terminated with success
18:C 18 May 2022 05:33:53.044 # oO0OoO0OoO0Oo Redis is starting oO0OoO0OoO0Oo
18:C 18 May 2022 05:33:53.047 # Redis version=6.2.6, bits=64, commit=00000000, modified=0, pid=18, just started
18:C 18 May 2022 05:33:53.050 # Configuration loaded
18:M 18 May 2022 05:33:53.056 * monotonic clock: POSIX clock_gettime
18:M 18 May 2022 05:33:53.071 * Running mode=standalone, port=6379.
18:M 18 May 2022 05:33:53.074 # Server initialized
18:M 18 May 2022 05:33:53.091 * Ready to accept connections
18:M 22 May 2022 08:05:34.945 * 1 changes in 3600 seconds. Saving...
18:M 22 May 2022 08:05:35.104 * Background saving started by pid 25
25:C 22 May 2022 08:05:35.104 * DB saved on disk
25:C 22 May 2022 08:05:35.118 * RDB: 2 MB of memory used by copy-on-write
18:M 22 May 2022 08:05:35.270 * Background saving terminated with success
18:M 22 May 2022 09:05:36.025 * 1 changes in 3600 seconds. Saving...
18:M 22 May 2022 09:05:36.037 * Background saving started by pid 38
38:C 22 May 2022 09:05:36.072 * DB saved on disk
38:C 22 May 2022 09:05:36.128 * RDB: 1 MB of memory used by copy-on-write
18:M 22 May 2022 09:05:36.245 * Background saving terminated with success
